app/build/outputs/logs/manifest-merger-debug-report.txt
-- Merging decision tree log ---
manifest
ADDED from src\main\AndroidManifest.xml:2:1-21:12
INJECTED from src\main\AndroidManifest.xml:2:1-21:12
INJECTED from src\main\AndroidManifest.xml:2:1-21:12
INJECTED from src\main\AndroidManifest.xml:2:1-21:12
MERGED from [com.android.support.constraint:constraint-layout:1.1.2] AndroidManifest.xml:2:1-11:12
MERGED from [com.android.support:appcompat-v7:27.0.2] AndroidManifest.xml:17:1-22:12
MERGED from [:tencentimlib] AndroidManifest.xml:2:1-23:12
MERGED from [com.android.support:support-fragment:27.0.2] AndroidManifest.xml:17:1-22:12
MERGED from [com.android.support:support-core-utils:27.0.2] AndroidManifest.xml:17:1-22:12
MERGED from [com.android.support:animated-vector-drawable:27.0.2] AndroidManifest.xml:17:1-22:12
MERGED from [com.android.support:support-vector-drawable:27.0.2] AndroidManifest.xml:17:1-22:12
MERGED from [com.tencent.imsdk:imsdk:4.6.1] AndroidManifest.xml:2:1-23:12
MERGED from [com.android.support:support-core-ui:27.0.2] AndroidManifest.xml:17:1-22:12
MERGED from [com.android.support:support-compat:27.0.2] AndroidManifest.xml:17:1-22:12
MERGED from [android.arch.lifecycle:runtime:1.0.3] AndroidManifest.xml:17:1-24:12
INJECTED from src\main\AndroidManifest.xml:2:1-21:12
INJECTED from src\main\AndroidManifest.xml:2:1-21:12
INJECTED from src\main\AndroidManifest.xml:2:1-21:12
	package
		ADDED from src\main\AndroidManifest.xml:3:5-34
		INJECTED from src\main\AndroidManifest.xml
		INJECTED from src\main\AndroidManifest.xml
	android:versionName
		INJECTED from src\main\AndroidManifest.xml
		ADDED from src\main\AndroidManifest.xml:2:1-21:12
		INJECTED from src\main\AndroidManifest.xml
	android:versionCode
		INJECTED from src\main\AndroidManifest.xml
		ADDED from src\main\AndroidManifest.xml:2:1-21:12
		INJECTED from src\main\AndroidManifest.xml
	xmlns:android
		ADDED from src\main\AndroidManifest.xml:2:11-69
application
ADDED from src\main\AndroidManifest.xml:5:5-19:19
MERGED from [com.android.support.constraint:constraint-layout:1.1.2] AndroidManifest.xml:9:5-20
MERGED from [com.android.support.constraint:constraint-layout:1.1.2] AndroidManifest.xml:9:5-20
MERGED from [com.tencent.imsdk:imsdk:4.6.1] AndroidManifest.xml:16:5-21:19
MERGED from [com.tencent.imsdk:imsdk:4.6.1] AndroidManifest.xml:16:5-21:19
	android:supportsRtl
		ADDED from src\main\AndroidManifest.xml:10:9-35
	android:label
		ADDED from src\main\AndroidManifest.xml:8:9-41
	android:roundIcon
		ADDED from src\main\AndroidManifest.xml:9:9-54
	android:icon
		ADDED from src\main\AndroidManifest.xml:7:9-43
	android:allowBackup
		ADDED from src\main\AndroidManifest.xml:6:9-35
	android:theme
		ADDED from src\main\AndroidManifest.xml:11:9-40
	android:usesCleartextTraffic
		ADDED from [com.tencent.imsdk:imsdk:4.6.1] AndroidManifest.xml:20:9-44
activity#com.luffy.tencentim.ui.MainActivity
ADDED from src\main\AndroidManifest.xml:12:9-18:20
	android:name
		ADDED from src\main\AndroidManifest.xml:12:19-50
intent-filter#action:name:android.intent.action.MAIN+category:name:android.intent.category.LAUNCHER
ADDED from src\main\AndroidManifest.xml:13:13-17:29
action#android.intent.action.MAIN
ADDED from src\main\AndroidManifest.xml:14:17-69
	android:name
		ADDED from src\main\AndroidManifest.xml:14:25-66
category#android.intent.category.LAUNCHER
ADDED from src\main\AndroidManifest.xml:16:17-77
	android:name
		ADDED from src\main\AndroidManifest.xml:16:27-74
uses-sdk
INJECTED from src\main\AndroidManifest.xml reason: use-sdk injection requested
INJECTED from src\main\AndroidManifest.xml
INJECTED from src\main\AndroidManifest.xml
MERGED from [com.android.support.constraint:constraint-layout:1.1.2] AndroidManifest.xml:5:5-7:41
MERGED from [com.android.support.constraint:constraint-layout:1.1.2] AndroidManifest.xml:5:5-7:41
MERGED from [com.android.support:appcompat-v7:27.0.2] AndroidManifest.xml:20:5-44
MERGED from [com.android.support:appcompat-v7:27.0.2] AndroidManifest.xml:20:5-44
MERGED from [:tencentimlib] AndroidManifest.xml:7:5-9:41
MERGED from [:tencentimlib] AndroidManifest.xml:7:5-9:41
MERGED from [com.android.support:support-fragment:27.0.2] AndroidManifest.xml:20:5-44
MERGED from [com.android.support:support-fragment:27.0.2] AndroidManifest.xml:20:5-44
MERGED from [com.android.support:support-core-utils:27.0.2] AndroidManifest.xml:20:5-44
MERGED from [com.android.support:support-core-utils:27.0.2] AndroidManifest.xml:20:5-44
MERGED from [com.android.support:animated-vector-drawable:27.0.2] AndroidManifest.xml:20:5-44
MERGED from [com.android.support:animated-vector-drawable:27.0.2] AndroidManifest.xml:20:5-44
MERGED from [com.android.support:support-vector-drawable:27.0.2] AndroidManifest.xml:20:5-44
MERGED from [com.android.support:support-vector-drawable:27.0.2] AndroidManifest.xml:20:5-44
MERGED from [com.tencent.imsdk:imsdk:4.6.1] AndroidManifest.xml:7:5-9:41
MERGED from [com.tencent.imsdk:imsdk:4.6.1] AndroidManifest.xml:7:5-9:41
MERGED from [com.android.support:support-core-ui:27.0.2] AndroidManifest.xml:20:5-44
MERGED from [com.android.support:support-core-ui:27.0.2] AndroidManifest.xml:20:5-44
MERGED from [com.android.support:support-compat:27.0.2] AndroidManifest.xml:20:5-44
MERGED from [com.android.support:support-compat:27.0.2] AndroidManifest.xml:20:5-44
MERGED from [android.arch.lifecycle:runtime:1.0.3] AndroidManifest.xml:20:5-22:41
MERGED from [android.arch.lifecycle:runtime:1.0.3] AndroidManifest.xml:20:5-22:41
INJECTED from src\main\AndroidManifest.xml
INJECTED from src\main\AndroidManifest.xml
	android:targetSdkVersion
		INJECTED from src\main\AndroidManifest.xml
		ADDED from src\main\AndroidManifest.xml
		INJECTED from src\main\AndroidManifest.xml
	android:minSdkVersion
		INJECTED from src\main\AndroidManifest.xml
		ADDED from src\main\AndroidManifest.xml
		INJECTED from src\main\AndroidManifest.xml
uses-permission#android.permission.ACCESS_NETWORK_STATE
ADDED from [:tencentimlib] AndroidManifest.xml:11:5-79
MERGED from [com.tencent.imsdk:imsdk:4.6.1] AndroidManifest.xml:13:5-79
MERGED from [com.tencent.imsdk:imsdk:4.6.1] AndroidManifest.xml:13:5-79
	android:name
		ADDED from [:tencentimlib] AndroidManifest.xml:11:22-76
uses-permission#android.permission.INTERNET
ADDED from [:tencentimlib] AndroidManifest.xml:12:5-67
MERGED from [com.tencent.imsdk:imsdk:4.6.1] AndroidManifest.xml:12:5-67
MERGED from [com.tencent.imsdk:imsdk:4.6.1] AndroidManifest.xml:12:5-67
	android:name
		ADDED from [:tencentimlib] AndroidManifest.xml:12:22-64
uses-permission#android.permission.ACCESS_WIFI_STATE
ADDED from [:tencentimlib] AndroidManifest.xml:13:5-76
MERGED from [com.tencent.imsdk:imsdk:4.6.1] AndroidManifest.xml:14:5-76
MERGED from [com.tencent.imsdk:imsdk:4.6.1] AndroidManifest.xml:14:5-76
	android:name
		ADDED from [:tencentimlib] AndroidManifest.xml:13:22-73
uses-permission#android.permission.WRITE_EXTERNAL_STORAGE
ADDED from [:tencentimlib] AndroidManifest.xml:15:5-81
	android:name
		ADDED from [:tencentimlib] AndroidManifest.xml:15:22-78
uses-permission#android.permission.CAMERA
ADDED from [:tencentimlib] AndroidManifest.xml:16:5-65
	android:name
		ADDED from [:tencentimlib] AndroidManifest.xml:16:22-62
uses-permission#android.permission.RECORD_AUDIO
ADDED from [:tencentimlib] AndroidManifest.xml:17:5-71
	android:name
		ADDED from [:tencentimlib] AndroidManifest.xml:17:22-68
uses-permission#android.permission.READ_PHONE_STATE
ADDED from [:tencentimlib] AndroidManifest.xml:18:5-75
	android:name
		ADDED from [:tencentimlib] AndroidManifest.xml:18:22-72
uses-permission#android.permission.READ_LOGS
ADDED from [:tencentimlib] AndroidManifest.xml:19:5-68
	android:name
		ADDED from [:tencentimlib] AndroidManifest.xml:19:22-65
uses-permission#android.permission.VIBRATE
ADDED from [:tencentimlib] AndroidManifest.xml:20:5-66
	android:name
		ADDED from [:tencentimlib] AndroidManifest.xml:20:22-63
uses-permission#android.permission.REQUEST_INSTALL_PACKAGES
ADDED from [:tencentimlib] AndroidManifest.xml:21:5-83
	android:name
		ADDED from [:tencentimlib] AndroidManifest.xml:21:22-80
uses-permission#android.permission.RECEIVE_BOOT_COMPLETED
ADDED from [com.tencent.imsdk:imsdk:4.6.1] AndroidManifest.xml:11:5-81
	android:name
		ADDED from [com.tencent.imsdk:imsdk:4.6.1] AndroidManifest.xml:11:22-78